This file contains any messages produced by compilers while
running configure, to aid debugging if configure makes a mistake.

It was created by WebISOGet configure 2.8.4, which was
generated by GNU Autoconf 2.69.  Invocation command line was

  $ ./configure 

## --------- ##
## Platform. ##
## --------- ##

hostname = fran.pop.umn.edu
uname -m = x86_64
uname -r = 15.5.0
uname -s = Darwin
uname -v = Darwin Kernel Version 15.5.0: Tue Apr 19 18:36:36 PDT 2016; root:xnu-3248.50.21~8/RELEASE_X86_64

/usr/bin/uname -p = i386
/bin/uname -X     = unknown

/bin/arch              = unknown
/usr/bin/arch -k       = unknown
/usr/convex/getsysinfo = unknown
/usr/bin/hostinfo      = Mach kernel version:
	 Darwin Kernel Version 15.5.0: Tue Apr 19 18:36:36 PDT 2016; root:xnu-3248.50.21~8/RELEASE_X86_64
Kernel configured for up to 4 processors.
2 processors are physically available.
4 processors are logically available.
Processor type: x86_64h (Intel x86-64h Haswell)
Processors active: 0 1 2 3
Primary memory available: 16.00 gigabytes
Default processor set: 336 tasks, 2074 threads, 4 processors
Load average: 1.20, Mach factor: 2.79
/bin/machine           = unknown
/usr/bin/oslevel       = unknown
/bin/universe          = unknown

PATH: /Users/fran/.rvm/gems/ruby-2.2.0@rt2redmine/bin
PATH: /Users/fran/.rvm/gems/ruby-2.2.0@global/bin
PATH: /Users/fran/.rvm/rubies/ruby-2.2.0/bin
PATH: /Users/fran/.rvm/bin
PATH: /usr/local/heroku/bin
PATH: /usr/local/bin
PATH: /usr/bin
PATH: /bin
PATH: /usr/sbin
PATH: /sbin
PATH: /opt/X11/bin
PATH: /usr/local/mysql/bin


## ----------- ##
## Core tests. ##
## ----------- ##

configure:2257: checking for a BSD-compatible install
configure:2325: result: /usr/bin/install -c
configure:2336: checking whether build environment is sane
configure:2391: result: yes
configure:2542: checking for a thread-safe mkdir -p
configure:2581: result: ./install-sh -c -d
configure:2588: checking for gawk
configure:2618: result: no
configure:2588: checking for mawk
configure:2618: result: no
configure:2588: checking for nawk
configure:2618: result: no
configure:2588: checking for awk
configure:2604: found /usr/bin/awk
configure:2615: result: awk
configure:2626: checking whether make sets $(MAKE)
configure:2648: result: yes
configure:2677: checking whether make supports nested variables
configure:2694: result: yes
configure:2831: checking for style of include used by make
configure:2859: result: GNU
configure:2930: checking for gcc
configure:2946: found /usr/bin/gcc
configure:2957: result: gcc
configure:3186: checking for C compiler version
configure:3195: gcc --version >&5
Apple LLVM version 7.3.0 (clang-703.0.31)
Target: x86_64-apple-darwin15.5.0
Thread model: posix
InstalledDir: /Library/Developer/CommandLineTools/usr/bin
Configured with: --prefix=/Library/Developer/CommandLineTools/usr --with-gxx-include-dir=/usr/include/c++/4.2.1
configure:3206: $? = 0
configure:3195: gcc -v >&5
Configured with: --prefix=/Library/Developer/CommandLineTools/usr --with-gxx-include-dir=/usr/include/c++/4.2.1
Apple LLVM version 7.3.0 (clang-703.0.31)
Target: x86_64-apple-darwin15.5.0
Thread model: posix
InstalledDir: /Library/Developer/CommandLineTools/usr/bin
configure:3206: $? = 0
configure:3195: gcc -V >&5
clang: error: argument to '-V' is missing (expected 1 value)
clang: error: no input files
configure:3206: $? = 1
configure:3195: gcc -qversion >&5
clang: error: unknown argument: '-qversion'
clang: error: no input files
configure:3206: $? = 1
configure:3226: checking whether the C compiler works
configure:3248: gcc    conftest.c  >&5
configure:3252: $? = 0
configure:3300: result: yes
configure:3303: checking for C compiler default output file name
configure:3305: result: a.out
configure:3311: checking for suffix of executables
configure:3318: gcc -o conftest    conftest.c  >&5
configure:3322: $? = 0
configure:3344: result: 
configure:3366: checking whether we are cross compiling
configure:3374: gcc -o conftest    conftest.c  >&5
configure:3378: $? = 0
configure:3385: ./conftest
configure:3389: $? = 0
configure:3404: result: no
configure:3409: checking for suffix of object files
configure:3431: gcc -c   conftest.c >&5
configure:3435: $? = 0
configure:3456: result: o
configure:3460: checking whether we are using the GNU C compiler
configure:3479: gcc -c   conftest.c >&5
configure:3479: $? = 0
configure:3488: result: yes
configure:3497: checking whether gcc accepts -g
configure:3517: gcc -c -g  conftest.c >&5
configure:3517: $? = 0
configure:3558: result: yes
configure:3575: checking for gcc option to accept ISO C89
configure:3638: gcc  -c -g -O2  conftest.c >&5
configure:3638: $? = 0
configure:3651: result: none needed
configure:3676: checking whether gcc understands -c and -o together
configure:3698: gcc -c conftest.c -o conftest2.o
configure:3701: $? = 0
configure:3698: gcc -c conftest.c -o conftest2.o
configure:3701: $? = 0
configure:3713: result: yes
configure:3732: checking dependency style of gcc
configure:3843: result: gcc3
configure:3864: checking how to run the C preprocessor
configure:3895: gcc -E  conftest.c
configure:3895: $? = 0
configure:3909: gcc -E  conftest.c
conftest.c:11:10: fatal error: 'ac_nonexistent.h' file not found
#include <ac_nonexistent.h>
         ^
1 error generated.
configure:3909: $? = 1
configure: failed program was:
| /* confdefs.h */
| #define PACKAGE_NAME "WebISOGet"
| #define PACKAGE_TARNAME "webisoget"
| #define PACKAGE_VERSION "2.8.4"
| #define PACKAGE_STRING "WebISOGet 2.8.4"
| #define PACKAGE_BUGREPORT ""
| #define PACKAGE_URL ""
| #define PACKAGE "webisoget"
| #define VERSION "2.8.4"
| /* end confdefs.h.  */
| #include <ac_nonexistent.h>
configure:3934: result: gcc -E
configure:3954: gcc -E  conftest.c
configure:3954: $? = 0
configure:3968: gcc -E  conftest.c
conftest.c:11:10: fatal error: 'ac_nonexistent.h' file not found
#include <ac_nonexistent.h>
         ^
1 error generated.
configure:3968: $? = 1
configure: failed program was:
| /* confdefs.h */
| #define PACKAGE_NAME "WebISOGet"
| #define PACKAGE_TARNAME "webisoget"
| #define PACKAGE_VERSION "2.8.4"
| #define PACKAGE_STRING "WebISOGet 2.8.4"
| #define PACKAGE_BUGREPORT ""
| #define PACKAGE_URL ""
| #define PACKAGE "webisoget"
| #define VERSION "2.8.4"
| /* end confdefs.h.  */
| #include <ac_nonexistent.h>
configure:3997: checking for grep that handles long lines and -e
configure:4055: result: /usr/bin/grep
configure:4060: checking for egrep
configure:4122: result: /usr/bin/grep -E
configure:4127: checking for ANSI C header files
configure:4147: gcc -c -g -O2  conftest.c >&5
configure:4147: $? = 0
configure:4220: gcc -o conftest -g -O2   conftest.c  >&5
configure:4220: $? = 0
configure:4220: ./conftest
configure:4220: $? = 0
configure:4231: result: yes
configure:4244: checking for sys/types.h
configure:4244: gcc -c -g -O2  conftest.c >&5
configure:4244: $? = 0
configure:4244: result: yes
configure:4244: checking for sys/stat.h
configure:4244: gcc -c -g -O2  conftest.c >&5
configure:4244: $? = 0
configure:4244: result: yes
configure:4244: checking for stdlib.h
configure:4244: gcc -c -g -O2  conftest.c >&5
configure:4244: $? = 0
configure:4244: result: yes
configure:4244: checking for string.h
configure:4244: gcc -c -g -O2  conftest.c >&5
configure:4244: $? = 0
configure:4244: result: yes
configure:4244: checking for memory.h
configure:4244: gcc -c -g -O2  conftest.c >&5
configure:4244: $? = 0
configure:4244: result: yes
configure:4244: checking for strings.h
configure:4244: gcc -c -g -O2  conftest.c >&5
configure:4244: $? = 0
configure:4244: result: yes
configure:4244: checking for inttypes.h
configure:4244: gcc -c -g -O2  conftest.c >&5
configure:4244: $? = 0
configure:4244: result: yes
configure:4244: checking for stdint.h
configure:4244: gcc -c -g -O2  conftest.c >&5
configure:4244: $? = 0
configure:4244: result: yes
configure:4244: checking for unistd.h
configure:4244: gcc -c -g -O2  conftest.c >&5
configure:4244: $? = 0
configure:4244: result: yes
configure:4257: checking minix/config.h usability
configure:4257: gcc -c -g -O2  conftest.c >&5
conftest.c:54:10: fatal error: 'minix/config.h' file not found
#include <minix/config.h>
         ^
1 error generated.
configure:4257: $? = 1
configure: failed program was:
| /* confdefs.h */
| #define PACKAGE_NAME "WebISOGet"
| #define PACKAGE_TARNAME "webisoget"
| #define PACKAGE_VERSION "2.8.4"
| #define PACKAGE_STRING "WebISOGet 2.8.4"
| #define PACKAGE_BUGREPORT ""
| #define PACKAGE_URL ""
| #define PACKAGE "webisoget"
| #define VERSION "2.8.4"
| #define STDC_HEADERS 1
| #define HAVE_SYS_TYPES_H 1
| #define HAVE_SYS_STAT_H 1
| #define HAVE_STDLIB_H 1
| #define HAVE_STRING_H 1
| #define HAVE_MEMORY_H 1
| #define HAVE_STRINGS_H 1
| #define HAVE_INTTYPES_H 1
| #define HAVE_STDINT_H 1
| #define HAVE_UNISTD_H 1
| /* end confdefs.h.  */
| #include <stdio.h>
| #ifdef HAVE_SYS_TYPES_H
| # include <sys/types.h>
| #endif
| #ifdef HAVE_SYS_STAT_H
| # include <sys/stat.h>
| #endif
| #ifdef STDC_HEADERS
| # include <stdlib.h>
| # include <stddef.h>
| #else
| # ifdef HAVE_STDLIB_H
| #  include <stdlib.h>
| # endif
| #endif
| #ifdef HAVE_STRING_H
| # if !defined STDC_HEADERS && defined HAVE_MEMORY_H
| #  include <memory.h>
| # endif
| # include <string.h>
| #endif
| #ifdef HAVE_STRINGS_H
| # include <strings.h>
| #endif
| #ifdef HAVE_INTTYPES_H
| # include <inttypes.h>
| #endif
| #ifdef HAVE_STDINT_H
| # include <stdint.h>
| #endif
| #ifdef HAVE_UNISTD_H
| # include <unistd.h>
| #endif
| #include <minix/config.h>
configure:4257: result: no
configure:4257: checking minix/config.h presence
configure:4257: gcc -E  conftest.c
conftest.c:21:10: fatal error: 'minix/config.h' file not found
#include <minix/config.h>
         ^
1 error generated.
configure:4257: $? = 1
configure: failed program was:
| /* confdefs.h */
| #define PACKAGE_NAME "WebISOGet"
| #define PACKAGE_TARNAME "webisoget"
| #define PACKAGE_VERSION "2.8.4"
| #define PACKAGE_STRING "WebISOGet 2.8.4"
| #define PACKAGE_BUGREPORT ""
| #define PACKAGE_URL ""
| #define PACKAGE "webisoget"
| #define VERSION "2.8.4"
| #define STDC_HEADERS 1
| #define HAVE_SYS_TYPES_H 1
| #define HAVE_SYS_STAT_H 1
| #define HAVE_STDLIB_H 1
| #define HAVE_STRING_H 1
| #define HAVE_MEMORY_H 1
| #define HAVE_STRINGS_H 1
| #define HAVE_INTTYPES_H 1
| #define HAVE_STDINT_H 1
| #define HAVE_UNISTD_H 1
| /* end confdefs.h.  */
| #include <minix/config.h>
configure:4257: result: no
configure:4257: checking for minix/config.h
configure:4257: result: no
configure:4278: checking whether it is safe to define __EXTENSIONS__
configure:4296: gcc -c -g -O2  conftest.c >&5
configure:4296: $? = 0
configure:4303: result: yes
configure:4348: checking build system type
configure:4362: result: x86_64-apple-darwin15.5.0
configure:4382: checking host system type
configure:4395: result: x86_64-apple-darwin15.5.0
configure:4436: checking how to print strings
configure:4463: result: printf
configure:4484: checking for a sed that does not truncate output
configure:4548: result: /usr/bin/sed
configure:4566: checking for fgrep
configure:4628: result: /usr/bin/grep -F
configure:4663: checking for ld used by gcc
configure:4730: result: /Library/Developer/CommandLineTools/usr/bin/ld
configure:4737: checking if the linker (/Library/Developer/CommandLineTools/usr/bin/ld) is GNU ld
configure:4752: result: no
configure:4764: checking for BSD- or MS-compatible name lister (nm)
configure:4813: result: /usr/bin/nm -B
configure:4943: checking the name lister (/usr/bin/nm -B) interface
configure:4950: gcc -c -g -O2  conftest.c >&5
configure:4953: /usr/bin/nm -B "conftest.o"
configure:4956: output
00000000000001f8 S _some_variable
configure:4963: result: BSD nm
configure:4966: checking whether ln -s works
configure:4970: result: yes
configure:4978: checking the maximum length of command line arguments
configure:5109: result: 196608
configure:5126: checking whether the shell understands some XSI constructs
configure:5136: result: yes
configure:5140: checking whether the shell understands "+="
configure:5146: result: yes
configure:5181: checking how to convert x86_64-apple-darwin15.5.0 file names to x86_64-apple-darwin15.5.0 format
configure:5221: result: func_convert_file_noop
configure:5228: checking how to convert x86_64-apple-darwin15.5.0 file names to toolchain format
configure:5248: result: func_convert_file_noop
configure:5255: checking for /Library/Developer/CommandLineTools/usr/bin/ld option to reload object files
configure:5262: result: -r
configure:5336: checking for objdump
configure:5366: result: no
configure:5395: checking how to recognize dependent libraries
configure:5593: result: pass_all
configure:5678: checking for dlltool
configure:5708: result: no
configure:5738: checking how to associate runtime and link libraries
configure:5765: result: printf %s\n
configure:5825: checking for ar
configure:5841: found /usr/bin/ar
configure:5852: result: ar
configure:5889: checking for archiver @FILE support
configure:5906: gcc -c -g -O2  conftest.c >&5
configure:5906: $? = 0
configure:5909: ar cru libconftest.a @conftest.lst >&5
ar: @conftest.lst: No such file or directory
configure:5912: $? = 1
configure:5932: result: no
configure:5990: checking for strip
configure:6006: found /usr/bin/strip
configure:6017: result: strip
configure:6089: checking for ranlib
configure:6105: found /usr/bin/ranlib
configure:6116: result: ranlib
configure:6218: checking command to parse /usr/bin/nm -B output from gcc object
configure:6338: gcc -c -g -O2  conftest.c >&5
configure:6341: $? = 0
configure:6345: /usr/bin/nm -B conftest.o \| sed -n -e 's/^.*[ ]\([BCDEGRST][BCDEGRST]*\)[ ][ ]*\([_A-Za-z][_A-Za-z0-9]*\)$/\1 \2 \2/p' | sed '/ __gnu_lto/d' \> conftest.nm
configure:6348: $? = 0
cannot find nm_test_var in conftest.nm
configure:6338: gcc -c -g -O2  conftest.c >&5
configure:6341: $? = 0
configure:6345: /usr/bin/nm -B conftest.o \| sed -n -e 's/^.*[ ]\([BCDEGRST][BCDEGRST]*\)[ ][ ]*_\([_A-Za-z][_A-Za-z0-9]*\)$/\1 _\2 \2/p' | sed '/ __gnu_lto/d' \> conftest.nm
configure:6348: $? = 0
configure:6414: gcc -o conftest -g -O2   conftest.c conftstm.o >&5
warning: (x86_64)  could not find object file symbol for symbol _main
configure:6417: $? = 0
configure:6455: result: ok
configure:6492: checking for sysroot
configure:6522: result: no
configure:6791: checking for mt
configure:6821: result: no
configure:6841: checking if : is a manifest tool
configure:6847: : '-?'
configure:6855: result: no
configure:6911: checking for dsymutil
configure:6927: found /usr/bin/dsymutil
configure:6938: result: dsymutil
configure:7003: checking for nmedit
configure:7019: found /usr/bin/nmedit
configure:7030: result: nmedit
configure:7095: checking for lipo
configure:7111: found /usr/bin/lipo
configure:7122: result: lipo
configure:7187: checking for otool
configure:7203: found /usr/bin/otool
configure:7214: result: otool
configure:7279: checking for otool64
configure:7309: result: no
configure:7354: checking for -single_module linker flag
gcc -g -O2  -o libconftest.dylib -dynamiclib -Wl,-single_module conftest.c
configure:7387: result: yes
configure:7390: checking for -exported_symbols_list linker flag
configure:7410: gcc -o conftest -g -O2   -Wl,-exported_symbols_list,conftest.sym conftest.c  >&5
configure:7410: $? = 0
configure:7420: result: yes
configure:7423: checking for -force_load linker flag
gcc -g -O2 -c -o conftest.o conftest.c
ar cru libconftest.a conftest.o
ranlib libconftest.a
gcc -g -O2  -o conftest conftest.c -Wl,-force_load,./libconftest.a
configure:7455: result: yes
configure:7494: checking for dlfcn.h
configure:7494: gcc -c -g -O2  conftest.c >&5
configure:7494: $? = 0
configure:7494: result: yes
configure:7700: checking for objdir
configure:7715: result: .libs
configure:7982: checking if gcc supports -fno-rtti -fno-exceptions
configure:8000: gcc -c -g -O2  -fno-rtti -fno-exceptions conftest.c >&5
configure:8004: $? = 0
configure:8017: result: yes
configure:8344: checking for gcc option to produce PIC
configure:8351: result: -fno-common -DPIC
configure:8359: checking if gcc PIC flag -fno-common -DPIC works
configure:8377: gcc -c -g -O2  -fno-common -DPIC -DPIC conftest.c >&5
configure:8381: $? = 0
configure:8394: result: yes
configure:8423: checking if gcc static flag -static works
configure:8451: result: no
configure:8466: checking if gcc supports -c -o file.o
configure:8487: gcc -c -g -O2  -o out/conftest2.o conftest.c >&5
configure:8491: $? = 0
configure:8513: result: yes
configure:8521: checking if gcc supports -c -o file.o
configure:8568: result: yes
configure:8601: checking whether the gcc linker (/Library/Developer/CommandLineTools/usr/bin/ld) supports shared libraries
configure:9758: result: yes
configure:9998: checking dynamic linker characteristics
configure:10732: result: darwin15.5.0 dyld
configure:10839: checking how to hardcode library paths into programs
configure:10864: result: immediate
configure:11404: checking whether stripping libraries is possible
configure:11418: result: yes
configure:11444: checking if libtool supports shared libraries
configure:11446: result: yes
configure:11449: checking whether to build shared libraries
configure:11470: result: yes
configure:11473: checking whether to build static libraries
configure:11477: result: yes
configure:11569: checking for gcc
configure:11596: result: gcc
configure:11825: checking for C compiler version
configure:11834: gcc --version >&5
Apple LLVM version 7.3.0 (clang-703.0.31)
Target: x86_64-apple-darwin15.5.0
Thread model: posix
InstalledDir: /Library/Developer/CommandLineTools/usr/bin
Configured with: --prefix=/Library/Developer/CommandLineTools/usr --with-gxx-include-dir=/usr/include/c++/4.2.1
configure:11845: $? = 0
configure:11834: gcc -v >&5
Configured with: --prefix=/Library/Developer/CommandLineTools/usr --with-gxx-include-dir=/usr/include/c++/4.2.1
Apple LLVM version 7.3.0 (clang-703.0.31)
Target: x86_64-apple-darwin15.5.0
Thread model: posix
InstalledDir: /Library/Developer/CommandLineTools/usr/bin
configure:11845: $? = 0
configure:11834: gcc -V >&5
clang: error: argument to '-V' is missing (expected 1 value)
clang: error: no input files
configure:11845: $? = 1
configure:11834: gcc -qversion >&5
clang: error: unknown argument: '-qversion'
clang: error: no input files
configure:11845: $? = 1
configure:11849: checking whether we are using the GNU C compiler
configure:11877: result: yes
configure:11886: checking whether gcc accepts -g
configure:11947: result: yes
configure:11964: checking for gcc option to accept ISO C89
configure:12040: result: none needed
configure:12065: checking whether gcc understands -c and -o together
configure:12102: result: yes
configure:12121: checking dependency style of gcc
configure:12232: result: gcc3
configure:12251: checking for rm
configure:12269: found /bin/rm
configure:12282: result: /bin/rm
configure:12292: checking for cp
configure:12310: found /bin/cp
configure:12323: result: /bin/cp
configure:12333: checking for tar
configure:12351: found /usr/bin/tar
configure:12364: result: /usr/bin/tar
configure:12374: checking for gzip
configure:12392: found /usr/bin/gzip
configure:12405: result: /usr/bin/gzip
configure:12415: checking for mv
configure:12433: found /bin/mv
configure:12446: result: /bin/mv
configure:12456: checking for chmod
configure:12474: found /bin/chmod
configure:12487: result: /bin/chmod
configure:12553: checking for curl_easy_init in -lcurl
configure:12578: gcc -o conftest -g -O2   conftest.c -lcurl -lssl -lcrypto -lz  >&5
configure:12578: $? = 0
configure:12587: result: yes
configure:12600: checking curl/curl.h usability
configure:12600: gcc -c -g -O2  conftest.c >&5
configure:12600: $? = 0
configure:12600: result: yes
configure:12600: checking curl/curl.h presence
configure:12600: gcc -E  conftest.c
configure:12600: $? = 0
configure:12600: result: yes
configure:12600: checking for curl/curl.h
configure:12600: result: yes
configure:12608: Checking libcurl version.
configure:12619: gcc -o conftest -g -O2   conftest.c -lcurl  >&5
configure:12619: $? = 0
configure:12776: checking that generated files are newer than configure
configure:12782: result: done
configure:12809: creating ./config.status

## ---------------------- ##
## Running config.status. ##
## ---------------------- ##

This file was extended by WebISOGet config.status 2.8.4, which was
generated by GNU Autoconf 2.69.  Invocation command line was

  CONFIG_FILES    = 
  CONFIG_HEADERS  = 
  CONFIG_LINKS    = 
  CONFIG_COMMANDS = 
  $ ./config.status 

on fran.pop.umn.edu

config.status:1006: creating Makefile
config.status:1178: executing depfiles commands
config.status:1178: executing libtool commands

## ---------------- ##
## Cache variables. ##
## ---------------- ##

ac_cv_build=x86_64-apple-darwin15.5.0
ac_cv_c_compiler_gnu=yes
ac_cv_env_CC_set=
ac_cv_env_CC_value=
ac_cv_env_CFLAGS_set=
ac_cv_env_CFLAGS_value=
ac_cv_env_CPPFLAGS_set=
ac_cv_env_CPPFLAGS_value=
ac_cv_env_CPP_set=
ac_cv_env_CPP_value=
ac_cv_env_LDFLAGS_set=
ac_cv_env_LDFLAGS_value=
ac_cv_env_LIBS_set=
ac_cv_env_LIBS_value=
ac_cv_env_build_alias_set=
ac_cv_env_build_alias_value=
ac_cv_env_host_alias_set=
ac_cv_env_host_alias_value=
ac_cv_env_target_alias_set=
ac_cv_env_target_alias_value=
ac_cv_header_curl_curl_h=yes
ac_cv_header_dlfcn_h=yes
ac_cv_header_inttypes_h=yes
ac_cv_header_memory_h=yes
ac_cv_header_minix_config_h=no
ac_cv_header_stdc=yes
ac_cv_header_stdint_h=yes
ac_cv_header_stdlib_h=yes
ac_cv_header_string_h=yes
ac_cv_header_strings_h=yes
ac_cv_header_sys_stat_h=yes
ac_cv_header_sys_types_h=yes
ac_cv_header_unistd_h=yes
ac_cv_host=x86_64-apple-darwin15.5.0
ac_cv_lib_curl_curl_easy_init=yes
ac_cv_objext=o
ac_cv_path_CHMOD=/bin/chmod
ac_cv_path_CP=/bin/cp
ac_cv_path_EGREP='/usr/bin/grep -E'
ac_cv_path_FGREP='/usr/bin/grep -F'
ac_cv_path_GREP=/usr/bin/grep
ac_cv_path_GZIP=/usr/bin/gzip
ac_cv_path_MV=/bin/mv
ac_cv_path_RM=/bin/rm
ac_cv_path_SED=/usr/bin/sed
ac_cv_path_TAR=/usr/bin/tar
ac_cv_path_install='/usr/bin/install -c'
ac_cv_prog_AWK=awk
ac_cv_prog_CPP='gcc -E'
ac_cv_prog_ac_ct_AR=ar
ac_cv_prog_ac_ct_CC=gcc
ac_cv_prog_ac_ct_DSYMUTIL=dsymutil
ac_cv_prog_ac_ct_LIPO=lipo
ac_cv_prog_ac_ct_NMEDIT=nmedit
ac_cv_prog_ac_ct_OTOOL=otool
ac_cv_prog_ac_ct_RANLIB=ranlib
ac_cv_prog_ac_ct_STRIP=strip
ac_cv_prog_cc_c89=
ac_cv_prog_cc_g=yes
ac_cv_prog_make_make_set=yes
ac_cv_safe_to_define___extensions__=yes
am_cv_CC_dependencies_compiler_type=gcc3
am_cv_make_support_nested_variables=yes
am_cv_prog_cc_c_o=yes
lt_cv_apple_cc_single_mod=yes
lt_cv_ar_at_file=no
lt_cv_deplibs_check_method=pass_all
lt_cv_file_magic_cmd='$MAGIC_CMD'
lt_cv_file_magic_test_file=
lt_cv_ld_exported_symbols_list=yes
lt_cv_ld_force_load=yes
lt_cv_ld_reload_flag=-r
lt_cv_nm_interface='BSD nm'
lt_cv_objdir=.libs
lt_cv_path_LD=/Library/Developer/CommandLineTools/usr/bin/ld
lt_cv_path_NM='/usr/bin/nm -B'
lt_cv_path_mainfest_tool=no
lt_cv_prog_compiler_c_o=yes
lt_cv_prog_compiler_pic='-fno-common -DPIC'
lt_cv_prog_compiler_pic_works=yes
lt_cv_prog_compiler_rtti_exceptions=yes
lt_cv_prog_compiler_static_works=no
lt_cv_prog_gnu_ld=no
lt_cv_sharedlib_from_linklib_cmd='printf %s\n'
lt_cv_sys_global_symbol_pipe='sed -n -e '\''s/^.*[	 ]\([BCDEGRST][BCDEGRST]*\)[	 ][	 ]*_\([_A-Za-z][_A-Za-z0-9]*\)$/\1 _\2 \2/p'\'' | sed '\''/ __gnu_lto/d'\'''
lt_cv_sys_global_symbol_to_c_name_address='sed -n -e '\''s/^: \([^ ]*\)[ ]*$/  {\"\1\", (void *) 0},/p'\'' -e '\''s/^[BCDEGRST]* \([^ ]*\) \([^ ]*\)$/  {"\2", (void *) \&\2},/p'\'''
lt_cv_sys_global_symbol_to_c_name_address_lib_prefix='sed -n -e '\''s/^: \([^ ]*\)[ ]*$/  {\"\1\", (void *) 0},/p'\'' -e '\''s/^[BCDEGRST]* \([^ ]*\) \(lib[^ ]*\)$/  {"\2", (void *) \&\2},/p'\'' -e '\''s/^[BCDEGRST]* \([^ ]*\) \([^ ]*\)$/  {"lib\2", (void *) \&\2},/p'\'''
lt_cv_sys_global_symbol_to_cdecl='sed -n -e '\''s/^T .* \(.*\)$/extern int \1();/p'\'' -e '\''s/^[BCDEGRST]* .* \(.*\)$/extern char \1;/p'\'''
lt_cv_sys_max_cmd_len=196608
lt_cv_to_host_file_cmd=func_convert_file_noop
lt_cv_to_tool_file_cmd=func_convert_file_noop

## ----------------- ##
## Output variables. ##
## ----------------- ##

ACLOCAL='${SHELL} /Users/fran/ws/rt2redmine/webisoget-2.8.4/missing aclocal-1.14'
AMDEPBACKSLASH='\'
AMDEP_FALSE='#'
AMDEP_TRUE=''
AMTAR='$${TAR-tar}'
AM_BACKSLASH='\'
AM_DEFAULT_V='$(AM_DEFAULT_VERBOSITY)'
AM_DEFAULT_VERBOSITY='1'
AM_V='$(V)'
AR='ar'
AUTOCONF='${SHELL} /Users/fran/ws/rt2redmine/webisoget-2.8.4/missing autoconf'
AUTOHEADER='${SHELL} /Users/fran/ws/rt2redmine/webisoget-2.8.4/missing autoheader'
AUTOMAKE='${SHELL} /Users/fran/ws/rt2redmine/webisoget-2.8.4/missing automake-1.14'
AWK='awk'
CC='gcc'
CCDEPMODE='depmode=gcc3'
CFLAGS='-g -O2'
CHMOD='/bin/chmod'
CP='/bin/cp'
CPP='gcc -E'
CPPFLAGS=''
CYGPATH_W='echo'
DEFS='-DPACKAGE_NAME=\"WebISOGet\" -DPACKAGE_TARNAME=\"webisoget\" -DPACKAGE_VERSION=\"2.8.4\" -DPACKAGE_STRING=\"WebISOGet\ 2.8.4\" -DPACKAGE_BUGREPORT=\"\" -DPACKAGE_URL=\"\" -DPACKAGE=\"webisoget\" -DVERSION=\"2.8.4\" -DSTDC_HEADERS=1 -DHAVE_SYS_TYPES_H=1 -DHAVE_SYS_STAT_H=1 -DHAVE_STDLIB_H=1 -DHAVE_STRING_H=1 -DHAVE_MEMORY_H=1 -DHAVE_STRINGS_H=1 -DHAVE_INTTYPES_H=1 -DHAVE_STDINT_H=1 -DHAVE_UNISTD_H=1 -D__EXTENSIONS__=1 -D_ALL_SOURCE=1 -D_GNU_SOURCE=1 -D_POSIX_PTHREAD_SEMANTICS=1 -D_TANDEM_SOURCE=1 -DHAVE_DLFCN_H=1 -DLT_OBJDIR=\".libs/\" -DHAVE_LIBCURL=1'
DEPDIR='.deps'
DLLTOOL='false'
DSYMUTIL='dsymutil'
DUMPBIN=''
ECHO_C='\c'
ECHO_N=''
ECHO_T=''
EGREP='/usr/bin/grep -E'
EXEEXT=''
FGREP='/usr/bin/grep -F'
GREP='/usr/bin/grep'
GZIP='/usr/bin/gzip'
INSTALL_DATA='${INSTALL} -m 644'
INSTALL_PROGRAM='${INSTALL}'
INSTALL_SCRIPT='${INSTALL}'
INSTALL_STRIP_PROGRAM='$(install_sh) -c -s'
LD='/Library/Developer/CommandLineTools/usr/bin/ld'
LDFLAGS=''
LIBOBJS=''
LIBS='-lcurl '
LIBTOOL='$(SHELL) $(top_builddir)/libtool'
LIPO='lipo'
LN_S='ln -s'
LTLIBOBJS=''
MAKEINFO='${SHELL} /Users/fran/ws/rt2redmine/webisoget-2.8.4/missing makeinfo'
MANIFEST_TOOL=':'
MKDIR_P='./install-sh -c -d'
MV='/bin/mv'
NM='/usr/bin/nm -B'
NMEDIT='nmedit'
OBJDUMP='false'
OBJEXT='o'
OTOOL64=':'
OTOOL='otool'
PACKAGE='webisoget'
PACKAGE_BUGREPORT=''
PACKAGE_NAME='WebISOGet'
PACKAGE_STRING='WebISOGet 2.8.4'
PACKAGE_TARNAME='webisoget'
PACKAGE_URL=''
PACKAGE_VERSION='2.8.4'
PATH_SEPARATOR=':'
RANLIB='ranlib'
RM='/bin/rm'
SED='/usr/bin/sed'
SET_MAKE=''
SHELL='/bin/sh'
STRIP='strip'
TAR='/usr/bin/tar'
VERSION='2.8.4'
ac_ct_AR='ar'
ac_ct_CC='gcc'
ac_ct_DUMPBIN=''
am__EXEEXT_FALSE=''
am__EXEEXT_TRUE='#'
am__fastdepCC_FALSE='#'
am__fastdepCC_TRUE=''
am__include='include'
am__isrc=''
am__leading_dot='.'
am__nodep='_no'
am__quote=''
am__tar='$${TAR-tar} chof - "$$tardir"'
am__untar='$${TAR-tar} xf -'
bindir='${exec_prefix}/bin'
build='x86_64-apple-darwin15.5.0'
build_alias=''
build_cpu='x86_64'
build_os='darwin15.5.0'
build_vendor='apple'
datadir='${datarootdir}'
datarootdir='${prefix}/share'
docdir='${datarootdir}/doc/${PACKAGE_TARNAME}'
dvidir='${docdir}'
exec_prefix='${prefix}'
host='x86_64-apple-darwin15.5.0'
host_alias=''
host_cpu='x86_64'
host_os='darwin15.5.0'
host_vendor='apple'
htmldir='${docdir}'
includedir='${prefix}/include'
infodir='${datarootdir}/info'
install_sh='${SHELL} /Users/fran/ws/rt2redmine/webisoget-2.8.4/install-sh'
libdir='${exec_prefix}/lib'
libexecdir='${exec_prefix}/libexec'
localedir='${datarootdir}/locale'
localstatedir='${prefix}/var'
mandir='${datarootdir}/man'
mkdir_p='$(MKDIR_P)'
oldincludedir='/usr/include'
pdfdir='${docdir}'
prefix='/usr/local'
program_transform_name='s,x,x,'
psdir='${docdir}'
sbindir='${exec_prefix}/sbin'
sharedstatedir='${prefix}/com'
sysconfdir='${prefix}/etc'
target_alias=''

## ----------- ##
## confdefs.h. ##
## ----------- ##

/* confdefs.h */
#define PACKAGE_NAME "WebISOGet"
#define PACKAGE_TARNAME "webisoget"
#define PACKAGE_VERSION "2.8.4"
#define PACKAGE_STRING "WebISOGet 2.8.4"
#define PACKAGE_BUGREPORT ""
#define PACKAGE_URL ""
#define PACKAGE "webisoget"
#define VERSION "2.8.4"
#define STDC_HEADERS 1
#define HAVE_SYS_TYPES_H 1
#define HAVE_SYS_STAT_H 1
#define HAVE_STDLIB_H 1
#define HAVE_STRING_H 1
#define HAVE_MEMORY_H 1
#define HAVE_STRINGS_H 1
#define HAVE_INTTYPES_H 1
#define HAVE_STDINT_H 1
#define HAVE_UNISTD_H 1
#define __EXTENSIONS__ 1
#define _ALL_SOURCE 1
#define _GNU_SOURCE 1
#define _POSIX_PTHREAD_SEMANTICS 1
#define _TANDEM_SOURCE 1
#define HAVE_DLFCN_H 1
#define LT_OBJDIR ".libs/"
#define HAVE_LIBCURL 1

configure: exit 0
